0 3691335680 0 1.0000 0.0000 0 0 0 0 0 0 0 76.36
1 2209709078 0 1.0000 0.0000 0 0 0 0 0 0 0 66.91
2 2209709078 0 1.0000 0.0000 0 0 0 0 0 0 0 228.89
3 2209709078 0 1.0000 0.0000 0 0 0 0 0 0 0 79.21
4 2209709078 0 1.0000 0.0000 0 0 0 0 0 0 0 75.56
5 2209709078 0 1.0000 0.0000 0 0 0 0 0 0 0 235.11
6 2209709078 0 1.0000 0.0000 0 0 0 0 0 0 0 328.36
7 5012066901 0 1.0000 0.0000 0 0 0 0 0 0 0 363.61
8 44694302720 0 1.0000 0.0000 0 0 0 0 0 0 0 501.67
9 42906878976 0 1.0000 0.0000 0 0 0 0 0 0 0 226.47
10 2209709078 0 1.0000 0.0000 0 0 0 0 0 0 0 147.93
11 5012066901 0 1.0000 0.0000 0 0 0 0 0 0 0 298.87
12 44694302720 0 1.0000 0.0000 0 0 0 0 0 0 0 277.96
13 42906878976 0 1.0000 0.0000 0 0 0 0 0 0 0 204.60
14 2209709078 0 1.0000 0.0000 0 0 0 0 0 0 0 306.00
15 2209709078 0 1.0000 0.0000 0 0 0 0 0 0 0 185.40
16 2209709078 0 1.0000 0.0000 0 0 0 0 0 0 0 188.48
17 2209709078 0 1.0000 0.0000 0 0 0 0 0 0 0 262.33
18 2209709078 0 1.0000 0.0000 0 0 0 0 0 0 0 266.07
19 2209709078 0 1.0000 0.0000 0 0 0 0 0 0 0 262.24
20 5012066901 0 1.0000 0.0000 0 0 0 0 0 0 0 295.85
21 44694302720 0 1.0000 0.0000 0 0 0 0 0 0 0 306.97
22 42906878976 0 1.0000 0.0000 0 0 0 0 0 0 0 235.93
23 2209709078 0 1.0000 0.0000 0 0 0 0 0 0 0 261.66
24 5012066901 0 1.0000 0.0000 0 0 0 0 0 0 0 360.44
25 44694302720 0 1.0000 0.0000 0 0 0 0 0 0 0 320.87
26 42906878976 0 1.0000 0.0000 0 0 0 0 0 0 0 220.73
0 2209709078 0 1.0000 0.0000 0 0 0 0 0 0 0 171.11
1 3684778089 0 1.0000 0.0000 0 0 0 0 0 0 0 173.84
2 3684778089 0 1.0000 0.0000 0 0 0 0 0 0 0 341.26
3 3684778089 0 1.0000 0.0000 0 0 0 0 0 0 0 60.32
3 90681415 0 1.0000 0.0000 0 0 0 0 0 0 0 12.62
4 90681415 0 1.0000 0.0000 0 0 0 0 0 0 0 222.02
5 42513128 0 1.0000 0.0000 0 0 0 0 0 0 0 225.89
6 42513128 0 1.0000 0.0000 0 0 0 0 0 0 0 27.71
7 42513128 0 1.0000 0.0000 0 0 0 0 0 0 0 47.88
8 42513128 0 1.0000 0.0000 0 0 0 0 0 0 0 14.74
9 41943040 0 1.0000 0.0000 0 0 0 0 0 0 0 21.15
10 41943040 0 1.0000 0.0000 0 0 0 0 0 0 0 303.65
11 41943040 0 1.0000 0.0000 0 0 0 0 0 0 0 55.29
12 41943040 0 1.0000 0.0000 0 0 0 0 0 0 0 187.84
13 41943040 0 1.0000 0.0000 0 0 0 0 0 0 0 0.41
14 41943040 0 1.0000 0.0000 0 0 0 0 0 0 0 296.91
15 41943040 0 1.0000 0.0000 0 0 0 0 0 0 0 25.45
16 41943040 0 1.0000 0.0000 0 0 0 0 0 0 0 0.41
