This file contains any messages produced by compilers while
running configure, to aid debugging if configure makes a mistake.

It was created by destor configure 2.0, which was
generated by GNU Autoconf 2.69.  Invocation command line was

  $ ./configure 

## --------- ##
## Platform. ##
## --------- ##

hostname = node27
uname -m = x86_64
uname -r = 5.4.0-050400rc1-generic
uname -s = Linux
uname -v = #201909301433 SMP Mon Sep 30 18:37:54 UTC 2019

/usr/bin/uname -p = x86_64
/bin/uname -X     = unknown

/bin/arch              = x86_64
/usr/bin/arch -k       = unknown
/usr/convex/getsysinfo = unknown
/usr/bin/hostinfo      = unknown
/bin/machine           = unknown
/usr/bin/oslevel       = unknown
/bin/universe          = unknown

PATH: /home/xzjin/.local/bin
PATH: /home/xzjin/bin
PATH: /usr/local/texlive/2021/bin/x86_64-linux
PATH: /usr/local/bin
PATH: /usr/bin
PATH: /bin
PATH: /usr/local/games
PATH: /usr/games
PATH: /snap/bin
PATH: /usr/sbin


## ----------- ##
## Core tests. ##
## ----------- ##

configure:2362: checking for a BSD-compatible install
configure:2430: result: /usr/bin/install -c
configure:2441: checking whether build environment is sane
configure:2496: result: yes
configure:2645: checking for a thread-safe mkdir -p
configure:2684: result: /usr/bin/mkdir -p
configure:2691: checking for gawk
configure:2721: result: no
configure:2691: checking for mawk
configure:2707: found /usr/bin/mawk
configure:2718: result: mawk
configure:2729: checking whether make sets $(MAKE)
configure:2751: result: yes
configure:2780: checking whether make supports nested variables
configure:2797: result: yes
configure:2984: checking for g++
configure:3000: found /usr/bin/g++
configure:3011: result: g++
configure:3038: checking for C++ compiler version
configure:3047: g++ --version >&5
g++ (Ubuntu 9.4.0-1ubuntu1~20.04.1) 9.4.0
Copyright (C) 2019 Free Software Foundation, Inc.
This is free software; see the source for copying conditions.  There is NO
warranty; not even for MERCHANTABILITY or FITNESS FOR A PARTICULAR PURPOSE.

configure:3058: $? = 0
configure:3047: g++ -v >&5
Using built-in specs.
COLLECT_GCC=g++
COLLECT_LTO_WRAPPER=/usr/lib/gcc/x86_64-linux-gnu/9/lto-wrapper
OFFLOAD_TARGET_NAMES=nvptx-none:hsa
OFFLOAD_TARGET_DEFAULT=1
Target: x86_64-linux-gnu
Configured with: ../src/configure -v --with-pkgversion='Ubuntu 9.4.0-1ubuntu1~20.04.1' --with-bugurl=file:///usr/share/doc/gcc-9/README.Bugs --enable-languages=c,ada,c++,go,brig,d,fortran,objc,obj-c++,gm2 --prefix=/usr --with-gcc-major-version-only --program-suffix=-9 --program-prefix=x86_64-linux-gnu- --enable-shared --enable-linker-build-id --libexecdir=/usr/lib --without-included-gettext --enable-threads=posix --libdir=/usr/lib --enable-nls --enable-clocale=gnu --enable-libstdcxx-debug --enable-libstdcxx-time=yes --with-default-libstdcxx-abi=new --enable-gnu-unique-object --disable-vtable-verify --enable-plugin --enable-default-pie --with-system-zlib --with-target-system-zlib=auto --enable-objc-gc=auto --enable-multiarch --disable-werror --with-arch-32=i686 --with-abi=m64 --with-multilib-list=m32,m64,mx32 --enable-multilib --with-tune=generic --enable-offload-targets=nvptx-none=/build/gcc-9-Av3uEd/gcc-9-9.4.0/debian/tmp-nvptx/usr,hsa --without-cuda-driver --enable-checking=release --build=x86_64-linux-gnu --host=x86_64-linux-gnu --target=x86_64-linux-gnu
Thread model: posix
gcc version 9.4.0 (Ubuntu 9.4.0-1ubuntu1~20.04.1) 
configure:3058: $? = 0
configure:3047: g++ -V >&5
g++: error: unrecognized command line option '-V'
g++: fatal error: no input files
compilation terminated.
configure:3058: $? = 1
configure:3047: g++ -qversion >&5
g++: error: unrecognized command line option '-qversion'; did you mean '--version'?
g++: fatal error: no input files
compilation terminated.
configure:3058: $? = 1
configure:3078: checking whether the C++ compiler works
configure:3100: g++    conftest.cpp  >&5
configure:3104: $? = 0
configure:3152: result: yes
configure:3155: checking for C++ compiler default output file name
configure:3157: result: a.out
configure:3163: checking for suffix of executables
configure:3170: g++ -o conftest    conftest.cpp  >&5
configure:3174: $? = 0
configure:3196: result: 
configure:3218: checking whether we are cross compiling
configure:3226: g++ -o conftest    conftest.cpp  >&5
configure:3230: $? = 0
configure:3237: ./conftest
configure:3241: $? = 0
configure:3229: result: no
configure:3234: checking for suffix of object files
configure:3256: g++ -c   conftest.cpp >&5
configure:3260: $? = 0
configure:3281: result: o
configure:3285: checking whether we are using the GNU C++ compiler
configure:3304: g++ -c   conftest.cpp >&5
configure:3304: $? = 0
configure:3313: result: yes
configure:3322: checking whether g++ accepts -g
configure:3342: g++ -c -g  conftest.cpp >&5
configure:3342: $? = 0
configure:3383: result: yes
configure:3409: checking whether make supports the include directive
configure:3424: make -f confmf.GNU && cat confinc.out
this is the am__doit target
configure:3427: $? = 0
configure:3446: result: yes (GNU style)
configure:3471: checking dependency style of g++
configure:3582: result: gcc3
configure:3645: checking for gcc
configure:3661: found /usr/bin/gcc
configure:3672: result: gcc
configure:3901: checking for C compiler version
configure:3910: gcc --version >&5
gcc (Ubuntu 9.4.0-1ubuntu1~20.04.1) 9.4.0
Copyright (C) 2019 Free Software Foundation, Inc.
This is free software; see the source for copying conditions.  There is NO
warranty; not even for MERCHANTABILITY or FITNESS FOR A PARTICULAR PURPOSE.

configure:3921: $? = 0
configure:3910: gcc -v >&5
Using built-in specs.
COLLECT_GCC=gcc
COLLECT_LTO_WRAPPER=/usr/lib/gcc/x86_64-linux-gnu/9/lto-wrapper
OFFLOAD_TARGET_NAMES=nvptx-none:hsa
OFFLOAD_TARGET_DEFAULT=1
Target: x86_64-linux-gnu
Configured with: ../src/configure -v --with-pkgversion='Ubuntu 9.4.0-1ubuntu1~20.04.1' --with-bugurl=file:///usr/share/doc/gcc-9/README.Bugs --enable-languages=c,ada,c++,go,brig,d,fortran,objc,obj-c++,gm2 --prefix=/usr --with-gcc-major-version-only --program-suffix=-9 --program-prefix=x86_64-linux-gnu- --enable-shared --enable-linker-build-id --libexecdir=/usr/lib --without-included-gettext --enable-threads=posix --libdir=/usr/lib --enable-nls --enable-clocale=gnu --enable-libstdcxx-debug --enable-libstdcxx-time=yes --with-default-libstdcxx-abi=new --enable-gnu-unique-object --disable-vtable-verify --enable-plugin --enable-default-pie --with-system-zlib --with-target-system-zlib=auto --enable-objc-gc=auto --enable-multiarch --disable-werror --with-arch-32=i686 --with-abi=m64 --with-multilib-list=m32,m64,mx32 --enable-multilib --with-tune=generic --enable-offload-targets=nvptx-none=/build/gcc-9-Av3uEd/gcc-9-9.4.0/debian/tmp-nvptx/usr,hsa --without-cuda-driver --enable-checking=release --build=x86_64-linux-gnu --host=x86_64-linux-gnu --target=x86_64-linux-gnu
Thread model: posix
gcc version 9.4.0 (Ubuntu 9.4.0-1ubuntu1~20.04.1) 
configure:3921: $? = 0
configure:3910: gcc -V >&5
gcc: error: unrecognized command line option '-V'
gcc: fatal error: no input files
compilation terminated.
configure:3921: $? = 1
configure:3910: gcc -qversion >&5
gcc: error: unrecognized command line option '-qversion'; did you mean '--version'?
gcc: fatal error: no input files
compilation terminated.
configure:3921: $? = 1
configure:3925: checking whether we are using the GNU C compiler
configure:3944: gcc -c   conftest.c >&5
configure:3944: $? = 0
configure:3953: result: yes
configure:3962: checking whether gcc accepts -g
configure:3982: gcc -c -g  conftest.c >&5
configure:3982: $? = 0
configure:4023: result: yes
configure:4040: checking for gcc option to accept ISO C89
configure:4103: gcc  -c -g -O2  conftest.c >&5
configure:4103: $? = 0
configure:4116: result: none needed
configure:4141: checking whether gcc understands -c and -o together
configure:4163: gcc -c conftest.c -o conftest2.o
configure:4166: $? = 0
configure:4163: gcc -c conftest.c -o conftest2.o
configure:4166: $? = 0
configure:4178: result: yes
configure:4197: checking dependency style of gcc
configure:4308: result: gcc3
configure:4327: checking for pthread_create in -lpthread
configure:4352: gcc -o conftest -g -O2 -Wall -ggdb   conftest.c -lpthread   >&5
configure:4352: $? = 0
configure:4361: result: yes
configure:4372: checking for g_hash_table_new in -lglib
configure:4397: gcc -o conftest -g -O2 -Wall -ggdb   conftest.c -lglib  -lpthread  >&5
configure:4397: $? = 0
configure:4406: result: yes
configure:4417: checking for g_thread_init in -lglib
configure:4442: gcc -o conftest -g -O2 -Wall -ggdb   conftest.c -lglib  -lpthread  >&5
/usr/bin/ld: /tmp/cclbKfDY.o: in function `main':
/home/xzjin/src/destor/conftest.c:23: undefined reference to `g_thread_init'
collect2: error: ld returned 1 exit status
configure:4442: $? = 1
configure: failed program was:
| /* confdefs.h */
| #define PACKAGE_NAME "destor"
| #define PACKAGE_TARNAME "destor"
| #define PACKAGE_VERSION "2.0"
| #define PACKAGE_STRING "destor 2.0"
| #define PACKAGE_BUGREPORT "fumin@hust.edu.cn"
| #define PACKAGE_URL ""
| #define PACKAGE "destor"
| #define VERSION "2.0"
| #define HAVE_LIBPTHREAD 1
| /* end confdefs.h.  */
| 
| /* Override any GCC internal prototype to avoid an error.
|    Use char because int might match the return type of a GCC
|    builtin and then its argument prototype would still apply.  */
| #ifdef __cplusplus
| extern "C"
| #endif
| char g_thread_init ();
| int
| main ()
| {
| return g_thread_init ();
|   ;
|   return 0;
| }
configure:4451: result: no
configure:4462: checking for SHA1_Update in -lcrypto
configure:4487: gcc -o conftest -g -O2 -Wall -ggdb   conftest.c -lcrypto  -lpthread  >&5
configure:4487: $? = 0
configure:4496: result: yes
configure:4554: checking for ranlib
configure:4570: found /usr/bin/ranlib
configure:4581: result: ranlib
configure:4610: checking how to run the C preprocessor
configure:4641: gcc -E  conftest.c
configure:4641: $? = 0
configure:4655: gcc -E  conftest.c
conftest.c:12:10: fatal error: ac_nonexistent.h: No such file or directory
   12 | #include <ac_nonexistent.h>
      |          ^~~~~~~~~~~~~~~~~~
compilation terminated.
configure:4655: $? = 1
configure: failed program was:
| /* confdefs.h */
| #define PACKAGE_NAME "destor"
| #define PACKAGE_TARNAME "destor"
| #define PACKAGE_VERSION "2.0"
| #define PACKAGE_STRING "destor 2.0"
| #define PACKAGE_BUGREPORT "fumin@hust.edu.cn"
| #define PACKAGE_URL ""
| #define PACKAGE "destor"
| #define VERSION "2.0"
| #define HAVE_LIBPTHREAD 1
| /* end confdefs.h.  */
| #include <ac_nonexistent.h>
configure:4680: result: gcc -E
configure:4700: gcc -E  conftest.c
configure:4700: $? = 0
configure:4714: gcc -E  conftest.c
conftest.c:12:10: fatal error: ac_nonexistent.h: No such file or directory
   12 | #include <ac_nonexistent.h>
      |          ^~~~~~~~~~~~~~~~~~
compilation terminated.
configure:4714: $? = 1
configure: failed program was:
| /* confdefs.h */
| #define PACKAGE_NAME "destor"
| #define PACKAGE_TARNAME "destor"
| #define PACKAGE_VERSION "2.0"
| #define PACKAGE_STRING "destor 2.0"
| #define PACKAGE_BUGREPORT "fumin@hust.edu.cn"
| #define PACKAGE_URL ""
| #define PACKAGE "destor"
| #define VERSION "2.0"
| #define HAVE_LIBPTHREAD 1
| /* end confdefs.h.  */
| #include <ac_nonexistent.h>
configure:4743: checking for grep that handles long lines and -e
configure:4801: result: /usr/bin/grep
configure:4806: checking for egrep
configure:4868: result: /usr/bin/grep -E
configure:4873: checking for ANSI C header files
configure:4893: gcc -c -g -O2 -Wall -ggdb  conftest.c >&5
configure:4893: $? = 0
configure:4966: gcc -o conftest -g -O2 -Wall -ggdb   conftest.c -lpthread  >&5
configure:4966: $? = 0
configure:4966: ./conftest
configure:4966: $? = 0
configure:4977: result: yes
configure:4990: checking for sys/types.h
configure:4990: gcc -c -g -O2 -Wall -ggdb  conftest.c >&5
configure:4990: $? = 0
configure:4990: result: yes
configure:4990: checking for sys/stat.h
configure:4990: gcc -c -g -O2 -Wall -ggdb  conftest.c >&5
configure:4990: $? = 0
configure:4990: result: yes
configure:4990: checking for stdlib.h
configure:4990: gcc -c -g -O2 -Wall -ggdb  conftest.c >&5
configure:4990: $? = 0
configure:4990: result: yes
configure:4990: checking for string.h
configure:4990: gcc -c -g -O2 -Wall -ggdb  conftest.c >&5
configure:4990: $? = 0
configure:4990: result: yes
configure:4990: checking for memory.h
configure:4990: gcc -c -g -O2 -Wall -ggdb  conftest.c >&5
configure:4990: $? = 0
configure:4990: result: yes
configure:4990: checking for strings.h
configure:4990: gcc -c -g -O2 -Wall -ggdb  conftest.c >&5
configure:4990: $? = 0
configure:4990: result: yes
configure:4990: checking for inttypes.h
configure:4990: gcc -c -g -O2 -Wall -ggdb  conftest.c >&5
configure:4990: $? = 0
configure:4990: result: yes
configure:4990: checking for stdint.h
configure:4990: gcc -c -g -O2 -Wall -ggdb  conftest.c >&5
configure:4990: $? = 0
configure:4990: result: yes
configure:4990: checking for unistd.h
configure:4990: gcc -c -g -O2 -Wall -ggdb  conftest.c >&5
configure:4990: $? = 0
configure:4990: result: yes
configure:5005: checking arpa/inet.h usability
configure:5005: gcc -c -g -O2 -Wall -ggdb  conftest.c >&5
configure:5005: $? = 0
configure:5005: result: yes
configure:5005: checking arpa/inet.h presence
configure:5005: gcc -E  conftest.c
configure:5005: $? = 0
configure:5005: result: yes
configure:5005: checking for arpa/inet.h
configure:5005: result: yes
configure:5005: checking fcntl.h usability
configure:5005: gcc -c -g -O2 -Wall -ggdb  conftest.c >&5
configure:5005: $? = 0
configure:5005: result: yes
configure:5005: checking fcntl.h presence
configure:5005: gcc -E  conftest.c
configure:5005: $? = 0
configure:5005: result: yes
configure:5005: checking for fcntl.h
configure:5005: result: yes
configure:5005: checking for stdint.h
configure:5005: result: yes
configure:5005: checking for stdlib.h
configure:5005: result: yes
configure:5005: checking for string.h
configure:5005: result: yes
configure:5005: checking sys/socket.h usability
configure:5005: gcc -c -g -O2 -Wall -ggdb  conftest.c >&5
configure:5005: $? = 0
configure:5005: result: yes
configure:5005: checking sys/socket.h presence
configure:5005: gcc -E  conftest.c
configure:5005: $? = 0
configure:5005: result: yes
configure:5005: checking for sys/socket.h
configure:5005: result: yes
configure:5005: checking sys/time.h usability
configure:5005: gcc -c -g -O2 -Wall -ggdb  conftest.c >&5
configure:5005: $? = 0
configure:5005: result: yes
configure:5005: checking sys/time.h presence
configure:5005: gcc -E  conftest.c
configure:5005: $? = 0
configure:5005: result: yes
configure:5005: checking for sys/time.h
configure:5005: result: yes
configure:5005: checking for unistd.h
configure:5005: result: yes
configure:5017: checking glib.h usability
configure:5017: gcc -c -g -O2 -Wall -ggdb  conftest.c >&5
configure:5017: $? = 0
configure:5017: result: yes
configure:5017: checking glib.h presence
configure:5017: gcc -E  conftest.c
configure:5017: $? = 0
configure:5017: result: yes
configure:5017: checking for glib.h
configure:5017: result: yes
configure:5034: checking openssl/sha.h usability
configure:5034: gcc -c -g -O2 -Wall -ggdb  conftest.c >&5
configure:5034: $? = 0
configure:5034: result: yes
configure:5034: checking openssl/sha.h presence
configure:5034: gcc -E  conftest.c
configure:5034: $? = 0
configure:5034: result: yes
configure:5034: checking for openssl/sha.h
configure:5034: result: yes
configure:5055: checking for inline
configure:5071: gcc -c -g -O2 -Wall -ggdb  conftest.c >&5
configure:5071: $? = 0
configure:5079: result: inline
configure:5097: checking for int32_t
configure:5097: gcc -c -g -O2 -Wall -ggdb  conftest.c >&5
configure:5097: $? = 0
configure:5097: gcc -c -g -O2 -Wall -ggdb  conftest.c >&5
conftest.c: In function 'main':
conftest.c:70:53: warning: integer overflow in expression of type 'int' results in '-2147483648' [-Woverflow]
   70 |    < (int32_t) (((((int32_t) 1 << N) << N) - 1) * 2 + 2))];
      |                                                     ^
conftest.c:69:12: error: storage size of 'test_array' isn't constant
   69 | static int test_array [1 - 2 * !((int32_t) (((((int32_t) 1 << N) << N) - 1) * 2 + 1)
      |            ^~~~~~~~~~
conftest.c:69:12: warning: unused variable 'test_array' [-Wunused-variable]
configure:5097: $? = 1
configure: failed program was:
| /* confdefs.h */
| #define PACKAGE_NAME "destor"
| #define PACKAGE_TARNAME "destor"
| #define PACKAGE_VERSION "2.0"
| #define PACKAGE_STRING "destor 2.0"
| #define PACKAGE_BUGREPORT "fumin@hust.edu.cn"
| #define PACKAGE_URL ""
| #define PACKAGE "destor"
| #define VERSION "2.0"
| #define HAVE_LIBPTHREAD 1
| #define STDC_HEADERS 1
| #define HAVE_SYS_TYPES_H 1
| #define HAVE_SYS_STAT_H 1
| #define HAVE_STDLIB_H 1
| #define HAVE_STRING_H 1
| #define HAVE_MEMORY_H 1
| #define HAVE_STRINGS_H 1
| #define HAVE_INTTYPES_H 1
| #define HAVE_STDINT_H 1
| #define HAVE_UNISTD_H 1
| #define HAVE_ARPA_INET_H 1
| #define HAVE_FCNTL_H 1
| #define HAVE_STDINT_H 1
| #define HAVE_STDLIB_H 1
| #define HAVE_STRING_H 1
| #define HAVE_SYS_SOCKET_H 1
| #define HAVE_SYS_TIME_H 1
| #define HAVE_UNISTD_H 1
| #define HAVE_GLIB_H 1
| #define HAVE_OPENSSL_SHA_H 1
| /* end confdefs.h.  */
| #include <stdio.h>
| #ifdef HAVE_SYS_TYPES_H
| # include <sys/types.h>
| #endif
| #ifdef HAVE_SYS_STAT_H
| # include <sys/stat.h>
| #endif
| #ifdef STDC_HEADERS
| # include <stdlib.h>
| # include <stddef.h>
| #else
| # ifdef HAVE_STDLIB_H
| #  include <stdlib.h>
| # endif
| #endif
| #ifdef HAVE_STRING_H
| # if !defined STDC_HEADERS && defined HAVE_MEMORY_H
| #  include <memory.h>
| # endif
| # include <string.h>
| #endif
| #ifdef HAVE_STRINGS_H
| # include <strings.h>
| #endif
| #ifdef HAVE_INTTYPES_H
| # include <inttypes.h>
| #endif
| #ifdef HAVE_STDINT_H
| # include <stdint.h>
| #endif
| #ifdef HAVE_UNISTD_H
| # include <unistd.h>
| #endif
| 	        enum { N = 32 / 2 - 1 };
| int
| main ()
| {
| static int test_array [1 - 2 * !((int32_t) (((((int32_t) 1 << N) << N) - 1) * 2 + 1)
| 		 < (int32_t) (((((int32_t) 1 << N) << N) - 1) * 2 + 2))];
| test_array [0] = 0;
| return test_array [0];
| 
|   ;
|   return 0;
| }
configure:5097: result: yes
configure:5108: checking for int64_t
configure:5108: gcc -c -g -O2 -Wall -ggdb  conftest.c >&5
configure:5108: $? = 0
configure:5108: gcc -c -g -O2 -Wall -ggdb  conftest.c >&5
conftest.c: In function 'main':
conftest.c:70:53: warning: integer overflow in expression of type 'long int' results in '-9223372036854775808' [-Woverflow]
   70 |    < (int64_t) (((((int64_t) 1 << N) << N) - 1) * 2 + 2))];
      |                                                     ^
conftest.c:69:12: error: storage size of 'test_array' isn't constant
   69 | static int test_array [1 - 2 * !((int64_t) (((((int64_t) 1 << N) << N) - 1) * 2 + 1)
      |            ^~~~~~~~~~
conftest.c:69:12: warning: unused variable 'test_array' [-Wunused-variable]
configure:5108: $? = 1
configure: failed program was:
| /* confdefs.h */
| #define PACKAGE_NAME "destor"
| #define PACKAGE_TARNAME "destor"
| #define PACKAGE_VERSION "2.0"
| #define PACKAGE_STRING "destor 2.0"
| #define PACKAGE_BUGREPORT "fumin@hust.edu.cn"
| #define PACKAGE_URL ""
| #define PACKAGE "destor"
| #define VERSION "2.0"
| #define HAVE_LIBPTHREAD 1
| #define STDC_HEADERS 1
| #define HAVE_SYS_TYPES_H 1
| #define HAVE_SYS_STAT_H 1
| #define HAVE_STDLIB_H 1
| #define HAVE_STRING_H 1
| #define HAVE_MEMORY_H 1
| #define HAVE_STRINGS_H 1
| #define HAVE_INTTYPES_H 1
| #define HAVE_STDINT_H 1
| #define HAVE_UNISTD_H 1
| #define HAVE_ARPA_INET_H 1
| #define HAVE_FCNTL_H 1
| #define HAVE_STDINT_H 1
| #define HAVE_STDLIB_H 1
| #define HAVE_STRING_H 1
| #define HAVE_SYS_SOCKET_H 1
| #define HAVE_SYS_TIME_H 1
| #define HAVE_UNISTD_H 1
| #define HAVE_GLIB_H 1
| #define HAVE_OPENSSL_SHA_H 1
| /* end confdefs.h.  */
| #include <stdio.h>
| #ifdef HAVE_SYS_TYPES_H
| # include <sys/types.h>
| #endif
| #ifdef HAVE_SYS_STAT_H
| # include <sys/stat.h>
| #endif
| #ifdef STDC_HEADERS
| # include <stdlib.h>
| # include <stddef.h>
| #else
| # ifdef HAVE_STDLIB_H
| #  include <stdlib.h>
| # endif
| #endif
| #ifdef HAVE_STRING_H
| # if !defined STDC_HEADERS && defined HAVE_MEMORY_H
| #  include <memory.h>
| # endif
| # include <string.h>
| #endif
| #ifdef HAVE_STRINGS_H
| # include <strings.h>
| #endif
| #ifdef HAVE_INTTYPES_H
| # include <inttypes.h>
| #endif
| #ifdef HAVE_STDINT_H
| # include <stdint.h>
| #endif
| #ifdef HAVE_UNISTD_H
| # include <unistd.h>
| #endif
| 	        enum { N = 64 / 2 - 1 };
| int
| main ()
| {
| static int test_array [1 - 2 * !((int64_t) (((((int64_t) 1 << N) << N) - 1) * 2 + 1)
| 		 < (int64_t) (((((int64_t) 1 << N) << N) - 1) * 2 + 2))];
| test_array [0] = 0;
| return test_array [0];
| 
|   ;
|   return 0;
| }
configure:5108: result: yes
configure:5119: checking for off_t
configure:5119: gcc -c -g -O2 -Wall -ggdb  conftest.c >&5
configure:5119: $? = 0
configure:5119: gcc -c -g -O2 -Wall -ggdb  conftest.c >&5
conftest.c: In function 'main':
conftest.c:68:20: error: expected expression before ')' token
   68 | if (sizeof ((off_t)))
      |                    ^
configure:5119: $? = 1
configure: failed program was:
| /* confdefs.h */
| #define PACKAGE_NAME "destor"
| #define PACKAGE_TARNAME "destor"
| #define PACKAGE_VERSION "2.0"
| #define PACKAGE_STRING "destor 2.0"
| #define PACKAGE_BUGREPORT "fumin@hust.edu.cn"
| #define PACKAGE_URL ""
| #define PACKAGE "destor"
| #define VERSION "2.0"
| #define HAVE_LIBPTHREAD 1
| #define STDC_HEADERS 1
| #define HAVE_SYS_TYPES_H 1
| #define HAVE_SYS_STAT_H 1
| #define HAVE_STDLIB_H 1
| #define HAVE_STRING_H 1
| #define HAVE_MEMORY_H 1
| #define HAVE_STRINGS_H 1
| #define HAVE_INTTYPES_H 1
| #define HAVE_STDINT_H 1
| #define HAVE_UNISTD_H 1
| #define HAVE_ARPA_INET_H 1
| #define HAVE_FCNTL_H 1
| #define HAVE_STDINT_H 1
| #define HAVE_STDLIB_H 1
| #define HAVE_STRING_H 1
| #define HAVE_SYS_SOCKET_H 1
| #define HAVE_SYS_TIME_H 1
| #define HAVE_UNISTD_H 1
| #define HAVE_GLIB_H 1
| #define HAVE_OPENSSL_SHA_H 1
| /* end confdefs.h.  */
| #include <stdio.h>
| #ifdef HAVE_SYS_TYPES_H
| # include <sys/types.h>
| #endif
| #ifdef HAVE_SYS_STAT_H
| # include <sys/stat.h>
| #endif
| #ifdef STDC_HEADERS
| # include <stdlib.h>
| # include <stddef.h>
| #else
| # ifdef HAVE_STDLIB_H
| #  include <stdlib.h>
| # endif
| #endif
| #ifdef HAVE_STRING_H
| # if !defined STDC_HEADERS && defined HAVE_MEMORY_H
| #  include <memory.h>
| # endif
| # include <string.h>
| #endif
| #ifdef HAVE_STRINGS_H
| # include <strings.h>
| #endif
| #ifdef HAVE_INTTYPES_H
| # include <inttypes.h>
| #endif
| #ifdef HAVE_STDINT_H
| # include <stdint.h>
| #endif
| #ifdef HAVE_UNISTD_H
| # include <unistd.h>
| #endif
| int
| main ()
| {
| if (sizeof ((off_t)))
| 	    return 0;
|   ;
|   return 0;
| }
configure:5119: result: yes
configure:5130: checking for size_t
configure:5130: gcc -c -g -O2 -Wall -ggdb  conftest.c >&5
configure:5130: $? = 0
configure:5130: gcc -c -g -O2 -Wall -ggdb  conftest.c >&5
conftest.c: In function 'main':
conftest.c:68:21: error: expected expression before ')' token
   68 | if (sizeof ((size_t)))
      |                     ^
configure:5130: $? = 1
configure: failed program was:
| /* confdefs.h */
| #define PACKAGE_NAME "destor"
| #define PACKAGE_TARNAME "destor"
| #define PACKAGE_VERSION "2.0"
| #define PACKAGE_STRING "destor 2.0"
| #define PACKAGE_BUGREPORT "fumin@hust.edu.cn"
| #define PACKAGE_URL ""
| #define PACKAGE "destor"
| #define VERSION "2.0"
| #define HAVE_LIBPTHREAD 1
| #define STDC_HEADERS 1
| #define HAVE_SYS_TYPES_H 1
| #define HAVE_SYS_STAT_H 1
| #define HAVE_STDLIB_H 1
| #define HAVE_STRING_H 1
| #define HAVE_MEMORY_H 1
| #define HAVE_STRINGS_H 1
| #define HAVE_INTTYPES_H 1
| #define HAVE_STDINT_H 1
| #define HAVE_UNISTD_H 1
| #define HAVE_ARPA_INET_H 1
| #define HAVE_FCNTL_H 1
| #define HAVE_STDINT_H 1
| #define HAVE_STDLIB_H 1
| #define HAVE_STRING_H 1
| #define HAVE_SYS_SOCKET_H 1
| #define HAVE_SYS_TIME_H 1
| #define HAVE_UNISTD_H 1
| #define HAVE_GLIB_H 1
| #define HAVE_OPENSSL_SHA_H 1
| /* end confdefs.h.  */
| #include <stdio.h>
| #ifdef HAVE_SYS_TYPES_H
| # include <sys/types.h>
| #endif
| #ifdef HAVE_SYS_STAT_H
| # include <sys/stat.h>
| #endif
| #ifdef STDC_HEADERS
| # include <stdlib.h>
| # include <stddef.h>
| #else
| # ifdef HAVE_STDLIB_H
| #  include <stdlib.h>
| # endif
| #endif
| #ifdef HAVE_STRING_H
| # if !defined STDC_HEADERS && defined HAVE_MEMORY_H
| #  include <memory.h>
| # endif
| # include <string.h>
| #endif
| #ifdef HAVE_STRINGS_H
| # include <strings.h>
| #endif
| #ifdef HAVE_INTTYPES_H
| # include <inttypes.h>
| #endif
| #ifdef HAVE_STDINT_H
| # include <stdint.h>
| #endif
| #ifdef HAVE_UNISTD_H
| # include <unistd.h>
| #endif
| int
| main ()
| {
| if (sizeof ((size_t)))
| 	    return 0;
|   ;
|   return 0;
| }
configure:5130: result: yes
configure:5141: checking for uint32_t
configure:5141: gcc -c -g -O2 -Wall -ggdb  conftest.c >&5
configure:5141: $? = 0
configure:5141: result: yes
configure:5155: checking for uint64_t
configure:5155: gcc -c -g -O2 -Wall -ggdb  conftest.c >&5
configure:5155: $? = 0
configure:5155: result: yes
configure:5169: checking for uint8_t
configure:5169: gcc -c -g -O2 -Wall -ggdb  conftest.c >&5
configure:5169: $? = 0
configure:5169: result: yes
configure:5187: checking for stdlib.h
configure:5187: result: yes
configure:5197: checking for GNU libc compatible malloc
configure:5221: gcc -o conftest -g -O2 -Wall -ggdb   conftest.c -lpthread  >&5
configure:5221: $? = 0
configure:5221: ./conftest
configure:5221: $? = 0
configure:5231: result: yes
configure:5393: checking that generated files are newer than configure
configure:5399: result: done
configure:5426: creating ./config.status

## ---------------------- ##
## Running config.status. ##
## ---------------------- ##

This file was extended by destor config.status 2.0, which was
generated by GNU Autoconf 2.69.  Invocation command line was

  CONFIG_FILES    = 
  CONFIG_HEADERS  = 
  CONFIG_LINKS    = 
  CONFIG_COMMANDS = 
  $ ./config.status 

on node27

config.status:795: creating Makefile
config.status:795: creating src/Makefile
config.status:795: creating src/utils/Makefile
config.status:795: creating src/index/Makefile
config.status:795: creating src/recipe/Makefile
config.status:795: creating src/storage/Makefile
config.status:795: creating src/chunking/Makefile
config.status:795: creating src/featuring/Makefile
config.status:795: creating src/featuring/deepsketch/Makefile
config.status:795: creating src/similariting/Makefile
config.status:795: creating src/similariting/deepsketch/Makefile
config.status:795: creating src/similariting/deepsketch/NGT/Makefile
config.status:795: creating src/xdelta3/Makefile
config.status:795: creating src/fsl/Makefile
config.status:967: executing depfiles commands
config.status:1044: cd src       && sed -e '/# am--include-marker/d' Makefile         | make -f - am--depfiles
make: Nothing to be done for 'am--depfiles'.
config.status:1049: $? = 0
config.status:1044: cd src/utils       && sed -e '/# am--include-marker/d' Makefile         | make -f - am--depfiles
make: Nothing to be done for 'am--depfiles'.
config.status:1049: $? = 0
config.status:1044: cd src/index       && sed -e '/# am--include-marker/d' Makefile         | make -f - am--depfiles
make: Nothing to be done for 'am--depfiles'.
config.status:1049: $? = 0
config.status:1044: cd src/recipe       && sed -e '/# am--include-marker/d' Makefile         | make -f - am--depfiles
make: Nothing to be done for 'am--depfiles'.
config.status:1049: $? = 0
config.status:1044: cd src/storage       && sed -e '/# am--include-marker/d' Makefile         | make -f - am--depfiles
make: Nothing to be done for 'am--depfiles'.
config.status:1049: $? = 0
config.status:1044: cd src/chunking       && sed -e '/# am--include-marker/d' Makefile         | make -f - am--depfiles
make: Nothing to be done for 'am--depfiles'.
config.status:1049: $? = 0
config.status:1044: cd src/featuring       && sed -e '/# am--include-marker/d' Makefile         | make -f - am--depfiles
make: Nothing to be done for 'am--depfiles'.
config.status:1049: $? = 0
config.status:1044: cd src/featuring/deepsketch       && sed -e '/# am--include-marker/d' Makefile         | make -f - am--depfiles
config.status:1049: $? = 0
config.status:1044: cd src/similariting       && sed -e '/# am--include-marker/d' Makefile         | make -f - am--depfiles
make: Nothing to be done for 'am--depfiles'.
config.status:1049: $? = 0
config.status:1044: cd src/similariting/deepsketch       && sed -e '/# am--include-marker/d' Makefile         | make -f - am--depfiles
config.status:1049: $? = 0
config.status:1044: cd src/similariting/deepsketch/NGT       && sed -e '/# am--include-marker/d' Makefile         | make -f - am--depfiles
config.status:1049: $? = 0
config.status:1044: cd src/xdelta3       && sed -e '/# am--include-marker/d' Makefile         | make -f - am--depfiles
make: Nothing to be done for 'am--depfiles'.
config.status:1049: $? = 0
config.status:1044: cd src/fsl       && sed -e '/# am--include-marker/d' Makefile         | make -f - am--depfiles
make: Nothing to be done for 'am--depfiles'.
config.status:1049: $? = 0

## ---------------- ##
## Cache variables. ##
## ---------------- ##

ac_cv_c_compiler_gnu=yes
ac_cv_c_inline=inline
ac_cv_c_int32_t=yes
ac_cv_c_int64_t=yes
ac_cv_c_uint32_t=yes
ac_cv_c_uint64_t=yes
ac_cv_c_uint8_t=yes
ac_cv_cxx_compiler_gnu=yes
ac_cv_env_CCC_set=
ac_cv_env_CCC_value=
ac_cv_env_CC_set=
ac_cv_env_CC_value=
ac_cv_env_CFLAGS_set=
ac_cv_env_CFLAGS_value=
ac_cv_env_CPPFLAGS_set=
ac_cv_env_CPPFLAGS_value=
ac_cv_env_CPP_set=
ac_cv_env_CPP_value=
ac_cv_env_CXXFLAGS_set=
ac_cv_env_CXXFLAGS_value=
ac_cv_env_CXX_set=
ac_cv_env_CXX_value=
ac_cv_env_LDFLAGS_set=
ac_cv_env_LDFLAGS_value=
ac_cv_env_LIBS_set=
ac_cv_env_LIBS_value=
ac_cv_env_build_alias_set=
ac_cv_env_build_alias_value=
ac_cv_env_host_alias_set=
ac_cv_env_host_alias_value=
ac_cv_env_target_alias_set=
ac_cv_env_target_alias_value=
ac_cv_func_malloc_0_nonnull=yes
ac_cv_header_arpa_inet_h=yes
ac_cv_header_fcntl_h=yes
ac_cv_header_glib_h=yes
ac_cv_header_inttypes_h=yes
ac_cv_header_memory_h=yes
ac_cv_header_openssl_sha_h=yes
ac_cv_header_stdc=yes
ac_cv_header_stdint_h=yes
ac_cv_header_stdlib_h=yes
ac_cv_header_string_h=yes
ac_cv_header_strings_h=yes
ac_cv_header_sys_socket_h=yes
ac_cv_header_sys_stat_h=yes
ac_cv_header_sys_time_h=yes
ac_cv_header_sys_types_h=yes
ac_cv_header_unistd_h=yes
ac_cv_lib_crypto_SHA1_Update=yes
ac_cv_lib_glib_g_hash_table_new=yes
ac_cv_lib_glib_g_thread_init=no
ac_cv_lib_pthread_pthread_create=yes
ac_cv_objext=o
ac_cv_path_EGREP='/usr/bin/grep -E'
ac_cv_path_GREP=/usr/bin/grep
ac_cv_path_install='/usr/bin/install -c'
ac_cv_path_mkdir=/usr/bin/mkdir
ac_cv_prog_AWK=mawk
ac_cv_prog_CPP='gcc -E'
ac_cv_prog_ac_ct_CC=gcc
ac_cv_prog_ac_ct_CXX=g++
ac_cv_prog_ac_ct_RANLIB=ranlib
ac_cv_prog_cc_c89=
ac_cv_prog_cc_g=yes
ac_cv_prog_cxx_g=yes
ac_cv_prog_make_make_set=yes
ac_cv_type_off_t=yes
ac_cv_type_size_t=yes
am_cv_CC_dependencies_compiler_type=gcc3
am_cv_CXX_dependencies_compiler_type=gcc3
am_cv_make_support_nested_variables=yes
am_cv_prog_cc_c_o=yes

## ----------------- ##
## Output variables. ##
## ----------------- ##

ACLOCAL='${SHELL} /home/xzjin/src/destor/missing aclocal-1.16'
AMDEPBACKSLASH='\'
AMDEP_FALSE='#'
AMDEP_TRUE=''
AMTAR='$${TAR-tar}'
AM_BACKSLASH='\'
AM_DEFAULT_V='$(AM_DEFAULT_VERBOSITY)'
AM_DEFAULT_VERBOSITY='1'
AM_V='$(V)'
AUTOCONF='${SHELL} /home/xzjin/src/destor/missing autoconf'
AUTOHEADER='${SHELL} /home/xzjin/src/destor/missing autoheader'
AUTOMAKE='${SHELL} /home/xzjin/src/destor/missing automake-1.16'
AWK='mawk'
CC='gcc'
CCDEPMODE='depmode=gcc3'
CFLAGS='-g -O2 -Wall -ggdb'
CPP='gcc -E'
CPPFLAGS=''
CXX='g++'
CXXDEPMODE='depmode=gcc3'
CXXFLAGS='-g -O2'
CYGPATH_W='echo'
DEFS='-DPACKAGE_NAME=\"destor\" -DPACKAGE_TARNAME=\"destor\" -DPACKAGE_VERSION=\"2.0\" -DPACKAGE_STRING=\"destor\ 2.0\" -DPACKAGE_BUGREPORT=\"fumin@hust.edu.cn\" -DPACKAGE_URL=\"\" -DPACKAGE=\"destor\" -DVERSION=\"2.0\" -DHAVE_LIBPTHREAD=1 -DSTDC_HEADERS=1 -DHAVE_SYS_TYPES_H=1 -DHAVE_SYS_STAT_H=1 -DHAVE_STDLIB_H=1 -DHAVE_STRING_H=1 -DHAVE_MEMORY_H=1 -DHAVE_STRINGS_H=1 -DHAVE_INTTYPES_H=1 -DHAVE_STDINT_H=1 -DHAVE_UNISTD_H=1 -DHAVE_ARPA_INET_H=1 -DHAVE_FCNTL_H=1 -DHAVE_STDINT_H=1 -DHAVE_STDLIB_H=1 -DHAVE_STRING_H=1 -DHAVE_SYS_SOCKET_H=1 -DHAVE_SYS_TIME_H=1 -DHAVE_UNISTD_H=1 -DHAVE_GLIB_H=1 -DHAVE_OPENSSL_SHA_H=1 -DHAVE_STDLIB_H=1 -DHAVE_MALLOC=1'
DEPDIR='.deps'
ECHO_C=''
ECHO_N='-n'
ECHO_T=''
EGREP='/usr/bin/grep -E'
EXEEXT=''
GREP='/usr/bin/grep'
INSTALL_DATA='${INSTALL} -m 644'
INSTALL_PROGRAM='${INSTALL}'
INSTALL_SCRIPT='${INSTALL}'
INSTALL_STRIP_PROGRAM='$(install_sh) -c -s'
LDFLAGS=''
LIBOBJS=''
LIBS='-lpthread '
LTLIBOBJS=''
MAKEINFO='${SHELL} /home/xzjin/src/destor/missing makeinfo'
MKDIR_P='/usr/bin/mkdir -p'
OBJEXT='o'
PACKAGE='destor'
PACKAGE_BUGREPORT='fumin@hust.edu.cn'
PACKAGE_NAME='destor'
PACKAGE_STRING='destor 2.0'
PACKAGE_TARNAME='destor'
PACKAGE_URL=''
PACKAGE_VERSION='2.0'
PATH_SEPARATOR=':'
RANLIB='ranlib'
SET_MAKE=''
SHELL='/bin/bash'
STRIP=''
VERSION='2.0'
ac_ct_CC='gcc'
ac_ct_CXX='g++'
am__EXEEXT_FALSE=''
am__EXEEXT_TRUE='#'
am__fastdepCC_FALSE='#'
am__fastdepCC_TRUE=''
am__fastdepCXX_FALSE='#'
am__fastdepCXX_TRUE=''
am__include='include'
am__isrc=''
am__leading_dot='.'
am__nodep='_no'
am__quote=''
am__tar='$${TAR-tar} chof - "$$tardir"'
am__untar='$${TAR-tar} xf -'
bindir='${exec_prefix}/bin'
build_alias=''
datadir='${datarootdir}'
datarootdir='${prefix}/share'
docdir='${datarootdir}/doc/${PACKAGE_TARNAME}'
dvidir='${docdir}'
exec_prefix='${prefix}'
host_alias=''
htmldir='${docdir}'
includedir='${prefix}/include'
infodir='${datarootdir}/info'
install_sh='${SHELL} /home/xzjin/src/destor/install-sh'
libdir='${exec_prefix}/lib'
libexecdir='${exec_prefix}/libexec'
localedir='${datarootdir}/locale'
localstatedir='${prefix}/var'
mandir='${datarootdir}/man'
mkdir_p='$(MKDIR_P)'
oldincludedir='/usr/include'
pdfdir='${docdir}'
prefix='/usr/local'
program_transform_name='s,x,x,'
psdir='${docdir}'
runstatedir='${localstatedir}/run'
sbindir='${exec_prefix}/sbin'
sharedstatedir='${prefix}/com'
sysconfdir='${prefix}/etc'
target_alias=''

## ----------- ##
## confdefs.h. ##
## ----------- ##

/* confdefs.h */
#define PACKAGE_NAME "destor"
#define PACKAGE_TARNAME "destor"
#define PACKAGE_VERSION "2.0"
#define PACKAGE_STRING "destor 2.0"
#define PACKAGE_BUGREPORT "fumin@hust.edu.cn"
#define PACKAGE_URL ""
#define PACKAGE "destor"
#define VERSION "2.0"
#define HAVE_LIBPTHREAD 1
#define STDC_HEADERS 1
#define HAVE_SYS_TYPES_H 1
#define HAVE_SYS_STAT_H 1
#define HAVE_STDLIB_H 1
#define HAVE_STRING_H 1
#define HAVE_MEMORY_H 1
#define HAVE_STRINGS_H 1
#define HAVE_INTTYPES_H 1
#define HAVE_STDINT_H 1
#define HAVE_UNISTD_H 1
#define HAVE_ARPA_INET_H 1
#define HAVE_FCNTL_H 1
#define HAVE_STDINT_H 1
#define HAVE_STDLIB_H 1
#define HAVE_STRING_H 1
#define HAVE_SYS_SOCKET_H 1
#define HAVE_SYS_TIME_H 1
#define HAVE_UNISTD_H 1
#define HAVE_GLIB_H 1
#define HAVE_OPENSSL_SHA_H 1
#define HAVE_STDLIB_H 1
#define HAVE_MALLOC 1

configure: exit 0
